2018-05-13 13:24:37,061 - INFO     : Initializing a new app...
2018-05-13 13:24:37,062 - INFO     : Initializing "test" into tmp/test
2018-05-13 13:24:37,062 - INFO     : Checking uniqueness of name...
2018-05-13 13:24:37,062 - INFO     : Checking for your developer token...
2018-05-13 13:24:42,752 - INFO     : Initializing a new app...
2018-05-13 13:24:42,752 - INFO     : Initializing "test" into tmp/test
2018-05-13 13:24:42,752 - INFO     : Checking uniqueness of name...
2018-05-13 13:24:42,753 - INFO     : Checking for your developer token...
2018-05-13 13:24:42,753 - ERROR    : The path /home/j/kbase/kb_sdk_py/tmp/test already exists. 
2018-05-13 13:28:32,897 - INFO     : Initializing a new app...
2018-05-13 13:28:32,897 - INFO     : Initializing "test2" into tmp/test2
2018-05-13 13:28:32,897 - INFO     : Checking uniqueness of name...
2018-05-13 13:28:32,897 - INFO     : Checking for your developer token...
2018-05-13 13:30:52,094 - INFO     : Initializing a new app...
2018-05-13 13:30:52,094 - INFO     : Initializing "test2" into tmp/test2
2018-05-13 13:30:52,094 - INFO     : Checking uniqueness of name...
2018-05-13 13:30:52,094 - INFO     : Checking for your developer token...
2018-05-13 13:31:36,636 - INFO     : Initializing a new app...
2018-05-13 13:31:36,637 - INFO     : Initializing "test2" into tmp/test2
2018-05-13 13:31:36,637 - INFO     : Checking uniqueness of name...
2018-05-13 13:31:36,637 - INFO     : Checking for your developer token...
